Apr 08 21:29 : errno: Failed to stat /home/ap/mus: No such file or directory
Apr 08 21:29 : client: [0] opened from [::1]:56194
Apr 08 21:30 : client: [0] closed
Apr 08 21:31 : client: [0] opened from [::1]:56206
Apr 08 21:31 : client: [0] closed
Apr 08 21:42 : client: [0] opened from [::1]:56309
Apr 08 21:42 : update: added Joy Division The Best Of 2008 MP3 320 [Michi80]/Cd 2/203-joy_division-shes_lost_control.mp3
Apr 08 21:42 : update: added Joy Division The Best Of 2008 MP3 320 [Michi80]/Cd 2/211-joy_division-interview_(by_richard_skinner_with_ian_curtis_and_stephen_morris).mp3
Apr 08 21:42 : update: added Joy Division The Best Of 2008 MP3 320 [Michi80]/Cd 2/204-joy_division-transmission.mp3
Apr 08 21:42 : update: added Joy Division The Best Of 2008 MP3 320 [Michi80]/Cd 2/202-joy_division-insight.mp3
Apr 08 21:42 : update: added Joy Division The Best Of 2008 MP3 320 [Michi80]/Cd 2/205-joy_division-love_will_tear_us_apart.mp3
Apr 08 21:42 : update: added Joy Division The Best Of 2008 MP3 320 [Michi80]/Cd 2/210-joy_division-shes_lost_control.mp3
Apr 08 21:42 : update: added Joy Division The Best Of 2008 MP3 320 [Michi80]/Cd 2/209-joy_division-transmission.mp3
Apr 08 21:42 : update: added Joy Division The Best Of 2008 MP3 320 [Michi80]/Cd 2/207-joy_division-colony.mp3
Apr 08 21:42 : update: added Joy Division The Best Of 2008 MP3 320 [Michi80]/Cd 2/208-joy_division-sound_of_music.mp3
Apr 08 21:42 : update: added Joy Division The Best Of 2008 MP3 320 [Michi80]/Cd 2/201-joy_division-exercise_one.mp3
Apr 08 21:42 : update: added Joy Division The Best Of 2008 MP3 320 [Michi80]/Cd 2/206-joy_division-twenty_four_hours.mp3
Apr 08 21:42 : update: added Joy Division The Best Of 2008 MP3 320 [Michi80]/Cd 1/106-joy_division-atmosphere.mp3
Apr 08 21:42 : update: added Joy Division The Best Of 2008 MP3 320 [Michi80]/Cd 1/113-joy_division-incubation.mp3
Apr 08 21:42 : update: added Joy Division The Best Of 2008 MP3 320 [Michi80]/Cd 1/105-joy_division-tansmission.mp3
Apr 08 21:42 : update: added Joy Division The Best Of 2008 MP3 320 [Michi80]/Cd 1/103-joy_division-shadowplay.mp3
Apr 08 21:42 : update: added Joy Division The Best Of 2008 MP3 320 [Michi80]/Cd 1/107-joy_division-dead_souls.mp3
Apr 08 21:42 : update: added Joy Division The Best Of 2008 MP3 320 [Michi80]/Cd 1/112-joy_division-heart_and_soul.mp3
Apr 08 21:42 : update: added Joy Division The Best Of 2008 MP3 320 [Michi80]/Cd 1/104-joy_division-new_dawn_fades.mp3
Apr 08 21:42 : update: added Joy Division The Best Of 2008 MP3 320 [Michi80]/Cd 1/109-joy_division-love_will_tear_us_apart.mp3
Apr 08 21:42 : update: added Joy Division The Best Of 2008 MP3 320 [Michi80]/Cd 1/108-joy_division-shes_lost_control.mp3
Apr 08 21:42 : update: added Joy Division The Best Of 2008 MP3 320 [Michi80]/Cd 1/101-joy_division-digital.mp3
Apr 08 21:42 : update: added Joy Division The Best Of 2008 MP3 320 [Michi80]/Cd 1/111-joy_division-twenty_four_hours.mp3
Apr 08 21:42 : update: added Joy Division The Best Of 2008 MP3 320 [Michi80]/Cd 1/110-joy_division-these_days.mp3
Apr 08 21:42 : update: added Joy Division The Best Of 2008 MP3 320 [Michi80]/Cd 1/102-joy_division-disorder.mp3
Apr 08 21:42 : update: added Joy Division The Best Of 2008 MP3 320 [Michi80]/Cd 1/114-joy_division-isolation.mp3
Apr 08 21:42 : update: added Motörhead (Motorhead) - The Best Of Motorhead (2CD) (2015)/CD1/A13 Emergency.mp3
Apr 08 21:42 : update: added Motörhead (Motorhead) - The Best Of Motorhead (2CD) (2015)/CD1/A19 Fire Fire (Live).mp3
Apr 08 21:42 : update: added Motörhead (Motorhead) - The Best Of Motorhead (2CD) (2015)/CD1/A12 Metropolis.mp3
Apr 08 21:42 : update: added Motörhead (Motorhead) - The Best Of Motorhead (2CD) (2015)/CD1/A11 Killed By Death.mp3
Apr 08 21:42 : update: added Motörhead (Motorhead) - The Best Of Motorhead (2CD) (2015)/CD1/A20 Bite The Bullet - The Chase Is Better Than The Catch (Live).mp3
Apr 08 21:42 : update: added Motörhead (Motorhead) - The Best Of Motorhead (2CD) (2015)/CD1/A08 Damage Case.mp3
Apr 08 21:42 : update: added Motörhead (Motorhead) - The Best Of Motorhead (2CD) (2015)/CD1/10 One Track Mind.mp3
Apr 08 21:42 : update: added Motörhead (Motorhead) - The Best Of Motorhead (2CD) (2015)/CD1/A17 City Kids.mp3
Apr 08 21:42 : update: added Motörhead (Motorhead) - The Best Of Motorhead (2CD) (2015)/CD1/A02 Overkill (Long Version).mp3
Apr 08 21:42 : update: added Motörhead (Motorhead) - The Best Of Motorhead (2CD) (2015)/CD1/A03 Bomber.mp3
Apr 08 21:42 : update: added Motörhead (Motorhead) - The Best Of Motorhead (2CD) (2015)/CD1/A16 Iron Horse - Born To Lose.mp3
Apr 08 21:42 : update: added Motörhead (Motorhead) - The Best Of Motorhead (2CD) (2015)/CD1/A18 Motorhead (Performed by Hawkwind).mp3
Apr 08 21:42 : update: added Motörhead (Motorhead) - The Best Of Motorhead (2CD) (2015)/CD1/A10 Dead Men Tell No Tales.mp3
Apr 08 21:42 : update: added Motörhead (Motorhead) - The Best Of Motorhead (2CD) (2015)/CD1/A15 White Line Fever.mp3
Apr 08 21:42 : update: added Motörhead (Motorhead) - The Best Of Motorhead (2CD) (2015)/CD1/A14 Tear Ya Down.mp3
Apr 08 21:42 : update: added Motörhead (Motorhead) - The Best Of Motorhead (2CD) (2015)/CD1/A01 Ace Of Spades.mp3
Apr 08 21:42 : update: added Motörhead (Motorhead) - The Best Of Motorhead (2CD) (2015)/CD1/A04 Please Don't Touch (Performed by Headgirl).mp3
Apr 08 21:42 : update: added Motörhead (Motorhead) - The Best Of Motorhead (2CD) (2015)/CD1/A05 Motorhead.mp3
Apr 08 21:42 : update: added Motörhead (Motorhead) - The Best Of Motorhead (2CD) (2015)/CD1/A09 Too Late Too Late.mp3
Apr 08 21:42 : update: added Motörhead (Motorhead) - The Best Of Motorhead (2CD) (2015)/CD1/A07 Louie Louie.mp3
Apr 08 21:42 : update: added Motörhead (Motorhead) - The Best Of Motorhead (2CD) (2015)/CD1/A06 No Class.mp3
Apr 08 21:42 : update: added Motörhead (Motorhead) - The Best Of Motorhead (2CD) (2015)/CD2/B16 Overnight Sensation.mp3
Apr 08 21:42 : update: added Motörhead (Motorhead) - The Best Of Motorhead (2CD) (2015)/CD2/B24 Train Kept-A-Rollin'.mp3
Apr 08 21:42 : update: added Motörhead (Motorhead) - The Best Of Motorhead (2CD) (2015)/CD2/B07 Doctor Rock.mp3
Apr 08 21:42 : update: added Motörhead (Motorhead) - The Best Of Motorhead (2CD) (2015)/CD2/B21 Another Perfect Day.mp3
Apr 08 21:42 : update: added Motörhead (Motorhead) - The Best Of Motorhead (2CD) (2015)/CD2/B14 The One To Sing The Blues.mp3
Apr 08 21:42 : update: added Motörhead (Motorhead) - The Best Of Motorhead (2CD) (2015)/CD2/B11 Eat The Rich.mp3
Apr 08 21:42 : update: added Motörhead (Motorhead) - The Best Of Motorhead (2CD) (2015)/CD2/B20 The Hammer (Live).mp3
Apr 08 21:42 : update: added Motörhead (Motorhead) - The Best Of Motorhead (2CD) (2015)/CD2/B01 Iron Fist.mp3
Apr 08 21:42 : update: added Motörhead (Motorhead) - The Best Of Motorhead (2CD) (2015)/CD2/B19 Shoot You In The Back (Live).mp3
Apr 08 21:42 : update: added Motörhead (Motorhead) - The Best Of Motorhead (2CD) (2015)/CD2/B12 Rock'n'Roll.mp3
Apr 08 21:42 : update: added Motörhead (Motorhead) - The Best Of Motorhead (2CD) (2015)/CD2/B09 Deaf Forever.mp3
Apr 08 21:42 : update: added Motörhead (Motorhead) - The Best Of Motorhead (2CD) (2015)/CD2/B15 Sacrifice.mp3
Apr 08 21:42 : update: added Motörhead (Motorhead) - The Best Of Motorhead (2CD) (2015)/CD2/B06 Ain't My Crime.mp3
Apr 08 21:42 : update: added Motörhead (Motorhead) - The Best Of Motorhead (2CD) (2015)/CD2/B10 Orgasmatron.mp3
Apr 08 21:42 : update: added Motörhead (Motorhead) - The Best Of Motorhead (2CD) (2015)/CD2/B02 Heart Of Stone.mp3
Apr 08 21:42 : update: added Motörhead (Motorhead) - The Best Of Motorhead (2CD) (2015)/CD2/B17 Snake Bite Love.mp3
Apr 08 21:42 : update: added Motörhead (Motorhead) - The Best Of Motorhead (2CD) (2015)/CD2/B25 I Know How To Die.mp3
Apr 08 21:42 : update: added Motörhead (Motorhead) - The Best Of Motorhead (2CD) (2015)/CD2/B03 Bomber (Performed By Girlschool).mp3
Apr 08 21:42 : update: added Motörhead (Motorhead) - The Best Of Motorhead (2CD) (2015)/CD2/B22  One Track Mind.mp3
Apr 08 21:42 : update: added Motörhead (Motorhead) - The Best Of Motorhead (2CD) (2015)/CD2/B13 Dogs.mp3
Apr 08 21:42 : update: added Motörhead (Motorhead) - The Best Of Motorhead (2CD) (2015)/CD2/B08 The Chase Is Better Than The Catch.mp3
Apr 08 21:42 : update: added Motörhead (Motorhead) - The Best Of Motorhead (2CD) (2015)/CD2/B23 Dancing On Your Grave.mp3
Apr 08 21:42 : update: added Motörhead (Motorhead) - The Best Of Motorhead (2CD) (2015)/CD2/B18 God Save The Queen.mp3
Apr 08 21:42 : update: added Motörhead (Motorhead) - The Best Of Motorhead (2CD) (2015)/CD2/B04 Shine.mp3
Apr 08 21:42 : update: added Motörhead (Motorhead) - The Best Of Motorhead (2CD) (2015)/CD2/B26 Sympathy for the Devil (Stones Cover).mp3
Apr 08 21:42 : update: added Motörhead (Motorhead) - The Best Of Motorhead (2CD) (2015)/CD2/B05 I Got Mine.mp3
Apr 08 21:42 : client: [0] closed
Apr 08 21:43 : client: [1] opened from [::1]:56310
Apr 08 21:43 : player: played "Joy Division The Best Of 2008 MP3 320 [Michi80]/Cd 2/202-joy_division-insight.mp3"
Apr 08 21:43 : player: played "Joy Division The Best Of 2008 MP3 320 [Michi80]/Cd 2/209-joy_division-transmission.mp3"
Apr 08 21:43 : player: played "Joy Division The Best Of 2008 MP3 320 [Michi80]/Cd 2/209-joy_division-transmission.mp3"
Apr 08 21:44 : player: played "Joy Division The Best Of 2008 MP3 320 [Michi80]/Cd 1/110-joy_division-these_days.mp3"
Apr 08 21:44 : player: played "Joy Division The Best Of 2008 MP3 320 [Michi80]/Cd 1/113-joy_division-incubation.mp3"
Apr 08 21:44 : client: [1] closed
Apr 08 21:44 : client: [2] opened from [::1]:56313
Apr 08 21:44 : client: [2] closed
Apr 08 21:45 : client: [3] opened from [::1]:56318
Apr 08 21:45 : client: [3] closed
Apr 08 21:47 : client: [4] opened from 127.0.0.1:55245
Apr 08 21:47 : player: played "Motörhead (Motorhead) - The Best Of Motorhead (2CD) (2015)/CD1/A03 Bomber.mp3"
Apr 08 21:47 : client: [4] closed
Apr 08 21:51 : client: [5] opened from 127.0.0.1:55249
Apr 08 21:51 : player: played "Joy Division The Best Of 2008 MP3 320 [Michi80]/Cd 2/205-joy_division-love_will_tear_us_apart.mp3"
Apr 08 21:52 : client: [5] closed
Apr 08 21:54 : player: played "Motörhead (Motorhead) - The Best Of Motorhead (2CD) (2015)/CD1/A03 Bomber.mp3"
Apr 08 21:58 : player: played "Joy Division The Best Of 2008 MP3 320 [Michi80]/Cd 2/205-joy_division-love_will_tear_us_apart.mp3"
Apr 08 22:26 : client: [0] opened from 127.0.0.1:55422
Apr 08 22:28 : player: played "Joy Division The Best Of 2008 MP3 320 [Michi80]/Cd 1/113-joy_division-incubation.mp3"
Apr 08 22:28 : player: played "Joy Division The Best Of 2008 MP3 320 [Michi80]/Cd 2/209-joy_division-transmission.mp3"
Apr 08 22:28 : client: [0] opened from 127.0.0.1:55427
Apr 08 22:29 : client: [0] closed
Apr 08 22:29 : player: played "Joy Division The Best Of 2008 MP3 320 [Michi80]/Cd 2/209-joy_division-transmission.mp3"
Apr 10 01:18 : client: [0] opened from 127.0.0.1:56842
Apr 10 01:18 : player: played "Joy Division The Best Of 2008 MP3 320 [Michi80]/Cd 2/205-joy_division-love_will_tear_us_apart.mp3"
Apr 10 01:19 : player: played "Joy Division The Best Of 2008 MP3 320 [Michi80]/Cd 2/207-joy_division-colony.mp3"
Apr 10 01:19 : client: [1] opened from [::1]:50354
Apr 10 01:19 : client: [1] closed
Apr 10 01:19 : client: [2] opened from [::1]:50355
Apr 10 01:19 : client: [2] closed
Apr 10 01:19 : client: [3] opened from [::1]:50356
Apr 10 01:19 : client: [3] closed
Apr 10 01:19 : client: [4] opened from [::1]:50357
Apr 10 01:19 : client: [4] closed
Apr 10 01:19 : client: [5] opened from [::1]:50358
Apr 10 01:19 : client: [5] closed
Apr 10 01:19 : client: [6] opened from [::1]:50359
Apr 10 01:19 : client: [6] closed
Apr 10 01:21 : client: [0] closed
Apr 10 01:23 : player: played "Joy Division The Best Of 2008 MP3 320 [Michi80]/Cd 2/208-joy_division-sound_of_music.mp3"
Apr 10 01:26 : client: [7] opened from [::1]:50443
Apr 10 01:26 : client: [7] closed
Apr 10 01:26 : client: [8] opened from [::1]:50444
Apr 10 01:26 : client: [8] closed
Apr 10 01:26 : client: [9] opened from [::1]:50445
Apr 10 01:26 : client: [9] closed
Apr 10 01:27 : player: played "Joy Division The Best Of 2008 MP3 320 [Michi80]/Cd 2/202-joy_division-insight.mp3"
Apr 10 01:30 : player: played "Joy Division The Best Of 2008 MP3 320 [Michi80]/Cd 2/209-joy_division-transmission.mp3"
Apr 10 01:33 : client: [10] opened from [::1]:50471
Apr 10 01:33 : client: [10] closed
Apr 10 01:33 : client: [11] opened from [::1]:50472
Apr 10 01:33 : client: [11] closed
Apr 10 01:33 : client: [12] opened from [::1]:50473
Apr 10 01:33 : client: [12] closed
Apr 10 01:33 : player: played "Joy Division The Best Of 2008 MP3 320 [Michi80]/Cd 1/113-joy_division-incubation.mp3"
Apr 10 01:33 : client: [13] opened from [::1]:50474
Apr 10 01:33 : client: [13] closed
Apr 10 01:33 : client: [14] opened from [::1]:50475
Apr 10 01:33 : client: [14] closed
Apr 10 01:33 : client: [15] opened from [::1]:50476
Apr 10 01:33 : client: [15] closed
Apr 10 01:36 : player: played "Joy Division The Best Of 2008 MP3 320 [Michi80]/Cd 2/209-joy_division-transmission.mp3"
Apr 10 01:36 : player: played "Joy Division The Best Of 2008 MP3 320 [Michi80]/Cd 2/209-joy_division-transmission.mp3"
Apr 10 01:37 : client: [0] opened from 127.0.0.1:57011
Apr 10 01:37 : player: played "Joy Division The Best Of 2008 MP3 320 [Michi80]/Cd 2/209-joy_division-transmission.mp3"
Apr 10 01:37 : player: played "Joy Division The Best Of 2008 MP3 320 [Michi80]/Cd 2/209-joy_division-transmission.mp3"
Apr 10 01:37 : player: played "Joy Division The Best Of 2008 MP3 320 [Michi80]/Cd 1/110-joy_division-these_days.mp3"
Apr 10 01:38 : client: [0] closed
Apr 10 01:38 : player: played "Joy Division The Best Of 2008 MP3 320 [Michi80]/Cd 1/110-joy_division-these_days.mp3"
Apr 10 01:38 : client: [0] opened from 127.0.0.1:57013
Apr 10 01:38 : player: played "Joy Division The Best Of 2008 MP3 320 [Michi80]/Cd 1/110-joy_division-these_days.mp3"
Apr 10 01:38 : player: played "Joy Division The Best Of 2008 MP3 320 [Michi80]/Cd 1/110-joy_division-these_days.mp3"
Apr 10 01:38 : client: [0] closed
Apr 10 01:40 : client: [1] opened from 127.0.0.1:57016
Apr 10 01:40 : client: [2] opened from [::1]:50528
Apr 10 01:40 : client: [2] closed
Apr 10 01:40 : client: [3] opened from [::1]:50529
Apr 10 01:40 : client: [3] closed
Apr 10 01:40 : client: [4] opened from [::1]:50530
Apr 10 01:40 : client: [4] closed
Apr 10 01:40 : player: played "Joy Division The Best Of 2008 MP3 320 [Michi80]/Cd 1/113-joy_division-incubation.mp3"
Apr 10 01:40 : client: [5] opened from [::1]:50531
Apr 10 01:40 : client: [5] closed
Apr 10 01:40 : client: [6] opened from [::1]:50532
Apr 10 01:40 : client: [6] closed
Apr 10 01:40 : client: [7] opened from [::1]:50533
Apr 10 01:40 : client: [7] closed
Apr 10 01:40 : player: played "Joy Division The Best Of 2008 MP3 320 [Michi80]/Cd 1/110-joy_division-these_days.mp3"
Apr 10 01:40 : client: [8] opened from [::1]:50534
Apr 10 01:40 : client: [8] closed
Apr 10 01:40 : client: [9] opened from [::1]:50535
Apr 10 01:40 : client: [9] closed
Apr 10 01:40 : client: [10] opened from [::1]:50536
Apr 10 01:40 : client: [10] closed
Apr 10 01:40 : player: played "Joy Division The Best Of 2008 MP3 320 [Michi80]/Cd 2/209-joy_division-transmission.mp3"
Apr 10 01:40 : client: [11] opened from [::1]:50537
Apr 10 01:40 : client: [11] closed
Apr 10 01:40 : client: [12] opened from [::1]:50538
Apr 10 01:40 : client: [12] closed
Apr 10 01:40 : client: [13] opened from [::1]:50539
Apr 10 01:40 : client: [13] closed
Apr 10 01:40 : player: played "Joy Division The Best Of 2008 MP3 320 [Michi80]/Cd 2/209-joy_division-transmission.mp3"
Apr 10 01:40 : client: [14] opened from [::1]:50540
Apr 10 01:40 : client: [14] closed
Apr 10 01:40 : client: [15] opened from [::1]:50541
Apr 10 01:40 : client: [15] closed
Apr 10 01:40 : client: [16] opened from [::1]:50542
Apr 10 01:40 : client: [16] closed
Apr 10 01:40 : player: played "Joy Division The Best Of 2008 MP3 320 [Michi80]/Cd 2/209-joy_division-transmission.mp3"
Apr 10 01:40 : client: [17] opened from [::1]:50543
Apr 10 01:40 : client: [17] closed
Apr 10 01:40 : client: [18] opened from [::1]:50544
Apr 10 01:40 : client: [18] closed
Apr 10 01:40 : client: [19] opened from [::1]:50545
Apr 10 01:40 : client: [19] closed
Apr 10 01:40 : player: played "Joy Division The Best Of 2008 MP3 320 [Michi80]/Cd 2/202-joy_division-insight.mp3"
Apr 10 01:40 : client: [20] opened from [::1]:50550
Apr 10 01:40 : client: [20] closed
Apr 10 01:40 : client: [21] opened from [::1]:50551
Apr 10 01:40 : client: [21] closed
Apr 10 01:40 : client: [22] opened from [::1]:50552
Apr 10 01:40 : client: [22] closed
Apr 10 01:40 : client: [1] closed
Apr 10 01:44 : player: played "Joy Division The Best Of 2008 MP3 320 [Michi80]/Cd 1/110-joy_division-these_days.mp3"
Apr 10 01:44 : client: [23] opened from 127.0.0.1:57043
Apr 10 01:44 : client: [24] opened from [::1]:50555
Apr 10 01:44 : client: [24] closed
Apr 10 01:44 : client: [25] opened from [::1]:50556
Apr 10 01:44 : client: [25] closed
Apr 10 01:44 : client: [26] opened from [::1]:50557
Apr 10 01:44 : client: [26] closed
Apr 10 01:44 : player: played "Joy Division The Best Of 2008 MP3 320 [Michi80]/Cd 1/110-joy_division-these_days.mp3"
Apr 10 01:50 : client: [27] opened from [::1]:50636
Apr 10 01:50 : client: [27] closed
Apr 10 01:50 : client: [28] opened from [::1]:50637
Apr 10 01:50 : client: [28] closed
Apr 10 01:50 : client: [29] opened from [::1]:50638
Apr 10 01:50 : client: [29] closed
Apr 10 01:50 : player: played "Joy Division The Best Of 2008 MP3 320 [Michi80]/Cd 2/209-joy_division-transmission.mp3"
Apr 10 01:50 : client: [30] opened from [::1]:50639
Apr 10 01:50 : client: [30] closed
Apr 10 01:50 : client: [31] opened from [::1]:50640
Apr 10 01:50 : client: [31] closed
Apr 10 01:50 : client: [32] opened from [::1]:50641
Apr 10 01:50 : client: [32] closed
Apr 10 01:50 : player: played "Joy Division The Best Of 2008 MP3 320 [Michi80]/Cd 2/209-joy_division-transmission.mp3"
Apr 10 01:50 : client: [33] opened from [::1]:50642
Apr 10 01:50 : client: [33] closed
Apr 10 01:50 : client: [34] opened from [::1]:50643
Apr 10 01:50 : client: [34] closed
Apr 10 01:50 : client: [35] opened from [::1]:50644
Apr 10 01:50 : client: [35] closed
Apr 10 01:50 : player: played "Joy Division The Best Of 2008 MP3 320 [Michi80]/Cd 2/207-joy_division-colony.mp3"
Apr 10 01:50 : client: [36] opened from [::1]:50645
Apr 10 01:50 : client: [36] closed
Apr 10 01:50 : client: [37] opened from [::1]:50646
Apr 10 01:50 : client: [37] closed
Apr 10 01:50 : client: [38] opened from [::1]:50647
Apr 10 01:50 : client: [38] closed
Apr 10 01:50 : player: played "Joy Division The Best Of 2008 MP3 320 [Michi80]/Cd 2/202-joy_division-insight.mp3"
Apr 10 01:50 : client: [39] opened from [::1]:50648
Apr 10 01:50 : client: [39] closed
Apr 10 01:50 : client: [40] opened from [::1]:50649
Apr 10 01:50 : client: [40] closed
Apr 10 01:50 : client: [41] opened from [::1]:50650
Apr 10 01:50 : client: [41] closed
Apr 10 01:50 : player: played "Joy Division The Best Of 2008 MP3 320 [Michi80]/Cd 2/208-joy_division-sound_of_music.mp3"
Apr 10 01:50 : client: [42] opened from [::1]:50651
Apr 10 01:50 : client: [42] closed
Apr 10 01:50 : client: [43] opened from [::1]:50652
Apr 10 01:50 : client: [43] closed
Apr 10 01:50 : client: [44] opened from [::1]:50653
Apr 10 01:50 : client: [44] closed
Apr 10 01:52 : player: played "Joy Division The Best Of 2008 MP3 320 [Michi80]/Cd 1/113-joy_division-incubation.mp3"
Apr 10 01:52 : client: [45] opened from [::1]:50655
Apr 10 01:52 : client: [45] closed
Apr 10 01:52 : client: [46] opened from [::1]:50656
Apr 10 01:52 : client: [46] closed
Apr 10 01:52 : client: [47] opened from [::1]:50657
Apr 10 01:52 : client: [47] closed
Apr 10 01:52 : player: played "Motörhead (Motorhead) - The Best Of Motorhead (2CD) (2015)/CD2/B02 Heart Of Stone.mp3"
Apr 10 01:53 : player: played "Motörhead (Motorhead) - The Best Of Motorhead (2CD) (2015)/CD2/B02 Heart Of Stone.mp3"
Apr 10 01:53 : client: [48] opened from [::1]:50658
Apr 10 01:53 : client: [48] closed
Apr 10 01:53 : client: [49] opened from [::1]:50659
Apr 10 01:53 : client: [49] closed
Apr 10 01:53 : client: [50] opened from [::1]:50660
Apr 10 01:53 : client: [50] closed
Apr 10 01:53 : player: played "Motörhead (Motorhead) - The Best Of Motorhead (2CD) (2015)/CD2/B03 Bomber (Performed By Girlschool).mp3"
Apr 10 01:53 : client: [51] opened from [::1]:50661
Apr 10 01:53 : client: [51] closed
Apr 10 01:53 : client: [52] opened from [::1]:50662
Apr 10 01:53 : client: [52] closed
Apr 10 01:53 : client: [53] opened from [::1]:50663
Apr 10 01:53 : client: [53] closed
Apr 10 01:53 : player: played "Motörhead (Motorhead) - The Best Of Motorhead (2CD) (2015)/CD2/B07 Doctor Rock.mp3"
Apr 10 01:53 : client: [54] opened from [::1]:50664
Apr 10 01:53 : client: [54] closed
Apr 10 01:53 : client: [55] opened from [::1]:50665
Apr 10 01:53 : client: [55] closed
Apr 10 01:53 : client: [56] opened from [::1]:50666
Apr 10 01:53 : client: [56] closed
Apr 10 01:53 : player: played "Motörhead (Motorhead) - The Best Of Motorhead (2CD) (2015)/CD2/B12 Rock'n'Roll.mp3"
Apr 10 01:53 : client: [57] opened from [::1]:50667
Apr 10 01:53 : client: [57] closed
Apr 10 01:53 : client: [58] opened from [::1]:50668
Apr 10 01:53 : client: [58] closed
Apr 10 01:53 : client: [59] opened from [::1]:50669
Apr 10 01:53 : client: [59] closed
Apr 10 01:53 : player: played "Motörhead (Motorhead) - The Best Of Motorhead (2CD) (2015)/CD2/B17 Snake Bite Love.mp3"
Apr 10 01:53 : client: [60] opened from [::1]:50670
Apr 10 01:53 : client: [60] closed
Apr 10 01:53 : client: [61] opened from [::1]:50671
Apr 10 01:53 : client: [61] closed
Apr 10 01:53 : client: [62] opened from [::1]:50672
Apr 10 01:53 : client: [62] closed
Apr 10 01:56 : player: played "Motörhead (Motorhead) - The Best Of Motorhead (2CD) (2015)/CD2/B22  One Track Mind.mp3"
Apr 10 01:56 : client: [63] opened from [::1]:50687
Apr 10 01:56 : client: [63] closed
Apr 10 01:56 : client: [64] opened from [::1]:50688
Apr 10 01:56 : client: [64] closed
Apr 10 01:56 : client: [65] opened from [::1]:50689
Apr 10 01:56 : client: [65] closed
Apr 10 01:56 : player: played "Motörhead (Motorhead) - The Best Of Motorhead (2CD) (2015)/CD2/B25 I Know How To Die.mp3"
Apr 10 01:56 : client: [66] opened from [::1]:50690
Apr 10 01:56 : client: [66] closed
Apr 10 01:56 : client: [67] opened from [::1]:50691
Apr 10 01:56 : client: [67] closed
Apr 10 01:56 : client: [68] opened from [::1]:50692
Apr 10 01:56 : client: [68] closed
Apr 10 01:56 : player: played "Motörhead (Motorhead) - The Best Of Motorhead (2CD) (2015)/CD2/B03 Bomber (Performed By Girlschool).mp3"
Apr 10 01:56 : client: [69] opened from [::1]:50693
Apr 10 01:56 : client: [69] closed
Apr 10 01:56 : client: [70] opened from [::1]:50694
Apr 10 01:56 : client: [70] closed
Apr 10 01:56 : client: [71] opened from [::1]:50695
Apr 10 01:56 : client: [71] closed
Apr 10 01:56 : player: played "Motörhead (Motorhead) - The Best Of Motorhead (2CD) (2015)/CD2/B17 Snake Bite Love.mp3"
Apr 10 01:56 : client: [72] opened from [::1]:50696
Apr 10 01:56 : client: [72] closed
Apr 10 01:56 : client: [73] opened from [::1]:50697
Apr 10 01:56 : client: [73] closed
Apr 10 01:56 : client: [74] opened from [::1]:50698
Apr 10 01:56 : client: [74] closed
Apr 10 01:57 : player: played "Motörhead (Motorhead) - The Best Of Motorhead (2CD) (2015)/CD2/B22  One Track Mind.mp3"
Apr 10 01:57 : client: [75] opened from [::1]:50699
Apr 10 01:57 : client: [75] closed
Apr 10 01:57 : client: [76] opened from [::1]:50700
Apr 10 01:57 : client: [76] closed
Apr 10 01:57 : client: [77] opened from [::1]:50701
Apr 10 01:57 : client: [77] closed
Apr 10 01:57 : player: played "Joy Division The Best Of 2008 MP3 320 [Michi80]/Cd 2/206-joy_division-twenty_four_hours.mp3"
Apr 10 01:57 : client: [78] opened from [::1]:50702
Apr 10 01:57 : client: [78] closed
Apr 10 01:57 : client: [79] opened from [::1]:50703
Apr 10 01:57 : client: [79] closed
Apr 10 01:57 : client: [80] opened from [::1]:50704
Apr 10 01:57 : client: [80] closed
Apr 10 01:58 : player: played "Joy Division The Best Of 2008 MP3 320 [Michi80]/Cd 1/106-joy_division-atmosphere.mp3"
Apr 10 01:58 : client: [81] opened from [::1]:50705
Apr 10 01:58 : client: [81] closed
Apr 10 01:58 : client: [82] opened from [::1]:50706
Apr 10 01:58 : client: [82] closed
Apr 10 01:58 : client: [83] opened from [::1]:50707
Apr 10 01:58 : client: [83] closed
Apr 10 01:59 : player: played "Joy Division The Best Of 2008 MP3 320 [Michi80]/Cd 2/209-joy_division-transmission.mp3"
Apr 10 01:59 : client: [84] opened from [::1]:50708
Apr 10 01:59 : client: [84] closed
Apr 10 01:59 : client: [85] opened from [::1]:50709
Apr 10 01:59 : client: [85] closed
Apr 10 01:59 : client: [86] opened from [::1]:50710
Apr 10 01:59 : client: [86] closed
Apr 10 01:59 : player: played "Joy Division The Best Of 2008 MP3 320 [Michi80]/Cd 1/109-joy_division-love_will_tear_us_apart.mp3"
Apr 10 01:59 : client: [87] opened from [::1]:50711
Apr 10 01:59 : client: [87] closed
Apr 10 01:59 : client: [88] opened from [::1]:50712
Apr 10 01:59 : client: [88] closed
Apr 10 01:59 : client: [89] opened from [::1]:50713
Apr 10 01:59 : client: [89] closed
Apr 10 01:59 : player: played "Joy Division The Best Of 2008 MP3 320 [Michi80]/Cd 1/108-joy_division-shes_lost_control.mp3"
Apr 10 01:59 : client: [90] opened from [::1]:50714
Apr 10 01:59 : client: [90] closed
Apr 10 01:59 : client: [91] opened from [::1]:50715
Apr 10 01:59 : client: [91] closed
Apr 10 01:59 : client: [92] opened from [::1]:50716
Apr 10 01:59 : client: [92] closed
Apr 10 02:04 : player: played "Joy Division The Best Of 2008 MP3 320 [Michi80]/Cd 1/107-joy_division-dead_souls.mp3"
Apr 10 02:04 : client: [93] opened from [::1]:50753
Apr 10 02:04 : client: [93] closed
Apr 10 02:04 : client: [94] opened from [::1]:50754
Apr 10 02:04 : client: [94] closed
Apr 10 02:04 : client: [95] opened from [::1]:50755
Apr 10 02:04 : client: [95] closed
Apr 10 02:07 : player: played "Motörhead (Motorhead) - The Best Of Motorhead (2CD) (2015)/CD2/B03 Bomber (Performed By Girlschool).mp3"
Apr 10 02:07 : client: [96] opened from [::1]:50771
Apr 10 02:07 : client: [96] closed
Apr 10 02:07 : client: [97] opened from [::1]:50772
Apr 10 02:07 : client: [97] closed
Apr 10 02:07 : client: [98] opened from [::1]:50773
Apr 10 02:07 : client: [98] closed
Apr 10 02:07 : player: played "Joy Division The Best Of 2008 MP3 320 [Michi80]/Cd 2/207-joy_division-colony.mp3"
Apr 10 02:07 : client: [99] opened from [::1]:50774
Apr 10 02:07 : client: [99] closed
Apr 10 02:07 : client: [100] opened from [::1]:50775
Apr 10 02:07 : client: [100] closed
Apr 10 02:07 : client: [101] opened from [::1]:50776
Apr 10 02:07 : client: [101] closed
Apr 10 02:07 : player: played "Joy Division The Best Of 2008 MP3 320 [Michi80]/Cd 2/205-joy_division-love_will_tear_us_apart.mp3"
Apr 10 02:07 : client: [102] opened from [::1]:50777
Apr 10 02:07 : client: [102] closed
Apr 10 02:07 : client: [103] opened from [::1]:50778
Apr 10 02:07 : client: [103] closed
Apr 10 02:07 : client: [104] opened from [::1]:50779
Apr 10 02:07 : client: [104] closed
Apr 10 02:07 : client: [23] closed
Apr 10 02:07 : client: [105] opened from 127.0.0.1:57269
Apr 10 02:07 : client: [106] opened from [::1]:50781
Apr 10 02:07 : client: [106] closed
Apr 10 02:07 : client: [107] opened from [::1]:50782
Apr 10 02:07 : client: [107] closed
Apr 10 02:07 : client: [108] opened from [::1]:50783
Apr 10 02:07 : client: [108] closed
Apr 10 02:07 : player: played "Joy Division The Best Of 2008 MP3 320 [Michi80]/Cd 1/104-joy_division-new_dawn_fades.mp3"
Apr 10 02:07 : client: [109] opened from [::1]:50784
Apr 10 02:07 : client: [109] closed
Apr 10 02:07 : client: [110] opened from [::1]:50785
Apr 10 02:07 : client: [110] closed
Apr 10 02:07 : client: [111] opened from [::1]:50786
Apr 10 02:07 : client: [111] closed
Apr 10 02:07 : client: [105] closed
Apr 10 02:10 : player: played "Motörhead (Motorhead) - The Best Of Motorhead (2CD) (2015)/CD2/B07 Doctor Rock.mp3"
Apr 10 02:11 : client: [112] opened from 127.0.0.1:57296
Apr 10 02:11 : client: [113] opened from [::1]:50808
Apr 10 02:11 : client: [113] closed
Apr 10 02:11 : client: [114] opened from [::1]:50809
Apr 10 02:11 : client: [114] closed
Apr 10 02:11 : client: [115] opened from [::1]:50810
Apr 10 02:11 : client: [115] closed
Apr 10 02:11 : client: [112] closed
